<?xml version="1.0" encoding="UTF-8"?>
<testng-results skipped="0" failed="0" ignored="0" total="1" passed="1">
  <reporter-output>
  </reporter-output>
  <suite name="sample.Testcase2" duration-ms="97" started-at="2020-12-22T14:20:32 IST" finished-at="2020-12-22T14:20:32 IST">
    <groups>
      <group name="regressionTest">
        <method signature="Testcase2.tc2()[pri:0, instance:sample.Testcase2@6767c1fc]" name="tc2" class="sample.Testcase2"/>
      </group> <!-- regressionTest -->
    </groups>
    <test name="Command line test" duration-ms="97" started-at="2020-12-22T14:20:32 IST" finished-at="2020-12-22T14:20:32 IST">
      <class name="sample.Testcase2">
        <test-method status="PASS" signature="tc2()[pri:0, instance:sample.Testcase2@6767c1fc]" name="tc2" duration-ms="14" started-at="2020-12-22T14:20:32 IST" finished-at="2020-12-22T14:20:32 IST">
          <reporter-output>
          </reporter-output>
        </test-method> <!-- tc2 -->
      </class> <!-- sample.Testcase2 -->
    </test> <!-- Command line test -->
  </suite> <!-- sample.Testcase2 -->
</testng-results>
